<?xml version="1.0" encoding="UTF-8"?>
<!-- Generated by org.testng.reporters.JUnitReportReporter -->
<testsuite hostname="Anshul-Laptop" failures="0" tests="4" name="courseEndProject.AssignmentDemoCombo" time="13.039" errors="0" timestamp="2023-12-19T18:50:19 IST" skipped="0">
  <testcase classname="courseEndProject.AssignmentDemoCombo" name="assignment003User" time="7.011"/>
  <system-out/>
  <testcase classname="courseEndProject.AssignmentDemoCombo" name="assignment004login" time="2.271"/>
  <system-out/>
  <testcase classname="courseEndProject.AssignmentDemoCombo" name="assignment005FindByStatus" time="1.815"/>
  <system-out/>
  <testcase classname="courseEndProject.AssignmentDemoCombo" name="assignment006Logout" time="1.942"/>
  <system-out/>
</testsuite> <!-- courseEndProject.AssignmentDemoCombo -->
