<?xml version="1.0" encoding="UTF-8"?>
<!-- Generated by org.testng.reporters.JUnitReportReporter -->
<testsuite hostname="Anshul-Laptop" failures="0" tests="2" name="courseEndProject.Assignment002Demo" time="6.770" errors="0" timestamp="2023-12-19T15:16:00 IST" skipped="0">
  <testcase classname="courseEndProject.Assignment002Demo" name="assignment002Post" time="5.070"/>
  <system-out/>
  <testcase classname="courseEndProject.Assignment002Demo" name="assignment002Put" time="1.700"/>
  <system-out/>
</testsuite> <!-- courseEndProject.Assignment002Demo -->
