<?xml version="1.0" encoding="UTF-8"?>
<!-- Generated by org.testng.reporters.JUnitReportReporter -->
<testsuite hostname="Anshul-Laptop" failures="0" tests="3" name="courseEndProject.Assignment001Demo" time="8.570" errors="0" timestamp="2023-12-19T15:15:28 IST" skipped="0">
  <testcase classname="courseEndProject.Assignment001Demo" name="Assignment001Post" time="4.597"/>
  <system-out/>
  <testcase classname="courseEndProject.Assignment001Demo" name="assignment001Get" time="1.925"/>
  <system-out/>
  <testcase classname="courseEndProject.Assignment001Demo" name="assignment001Delete" time="2.048"/>
  <system-out/>
</testsuite> <!-- courseEndProject.Assignment001Demo -->
